Arguments: 
  C:\Program Files\nodejs\node.exe C:\Users\Italiano\AppData\Roaming\npm\node_modules\yarn\bin\yarn.js dev

PATH: 
  C:\Program Files\Common Files\Oracle\Java\javapath;C:\Python39\Scripts\;C:\Python39\;C:\WINDOWS\system32;C:\WINDOWS;C:\WINDOWS\System32\Wbem;C:\WINDOWS\System32\WindowsPowerShell\v1.0\;C:\WINDOWS\System32\OpenSSH\;C:\Program Files\PuTTY\;C:\Program Files\nodejs\;C:\ProgramData\chocolatey\bin;C:\Program Files\Git\cmd;C:\xampp\php;C:\ProgramData\ComposerSetup\bin;C:\Users\Italiano\AppData\Local\Microsoft\WindowsApps;C:\Users\Italiano\AppData\Local\Programs\Microsoft VS Code\bin;C:\MinGW\bin;C:\Users\Italiano\AppData\Roaming\npm;C:\src\flutter\bin;C:\Users\Italiano\AppData\Roaming\Composer\vendor\bin;

Yarn version: 
  1.22.10

Node version: 
  14.17.0

Platform: 
  win32 x64

Trace: 
  SyntaxError: C:\Users\Italiano\Desktop\adrian\ig-clone\server\package.json: Unexpected string in JSON at position 187
      at JSON.parse (<anonymous>)
      at C:\Users\Italiano\AppData\Roaming\npm\node_modules\yarn\lib\cli.js:1625:59
      at Generator.next (<anonymous>)
      at step (C:\Users\Italiano\AppData\Roaming\npm\node_modules\yarn\lib\cli.js:310:30)
      at C:\Users\Italiano\AppData\Roaming\npm\node_modules\yarn\lib\cli.js:321:13

npm manifest: 
  {
    "name": "ig-clone",
    "version": "0.0.1",
    "description": "Servidor de ig-clone app",
    "main": "index.js",
    "author": "Adrián Gette",
    "license": "MIT",
    "scripts": {
      "dev:" "node ./index.js"
    }
  }

yarn manifest: 
  No manifest

Lockfile: 
  No lockfile
